Added Component: Designator=D1(LED5MM_GRN)
Add component (AddParameter): Name = "ASSEMBLY"; Value = "ASSEMBLY"; VariantName = "[No Variations]"
Add component (AddParameter): Name = "DESC"; Value = "DESCRIPTION"; VariantName = "[No Variations]"
Add component (AddParameter): Name = "MANF"; Value = "MANF"; VariantName = "[No Variations]"
Add component (AddParameter): Name = "MANF_P#"; Value = "MANF_PART#"; VariantName = "[No Variations]"
Add component (AddParameter): Name = "PARAM"; Value = ""; VariantName = "[No Variations]"
Add component (AddParameter): Name = "PARAM2"; Value = "2.2V"; VariantName = "[No Variations]"
Add component (AddParameter): Name = "PRICE"; Value = "PRICE"; VariantName = "[No Variations]"
Add component (AddParameter): Name = "VALUE"; Value = "LED5MM_GRN"; VariantName = "[No Variations]"
Added Component: Designator=Q1(TO92_3)
Add component (AddParameter): Name = "ASSEMBLY"; Value = ""; VariantName = "[No Variations]"
Add component (AddParameter): Name = "DESC"; Value = ""; VariantName = "[No Variations]"
Add component (AddParameter): Name = "MANF"; Value = "-"; VariantName = "[No Variations]"
Add component (AddParameter): Name = "MANF_P#"; Value = "S9014"; VariantName = "[No Variations]"
Add component (AddParameter): Name = "PARAM"; Value = "45v, 0.1A"; VariantName = "[No Variations]"
Add component (AddParameter): Name = "PARAM2"; Value = "450mW"; VariantName = "[No Variations]"
Add component (AddParameter): Name = "PRICE"; Value = ""; VariantName = "[No Variations]"
Add component (AddParameter): Name = "VALUE"; Value = "S9014"; VariantName = "[No Variations]"
Added Component: Designator=R1(R025W_AX04)
Add component (AddParameter): Name = "ASSEMBLY"; Value = "ASSEMBLY"; VariantName = "[No Variations]"
Add component (AddParameter): Name = "DESC"; Value = "DESCRIPTION"; VariantName = "[No Variations]"
Add component (AddParameter): Name = "DIST#"; Value = "MOUSER"; VariantName = "[No Variations]"
Add component (AddParameter): Name = "MANF"; Value = "KOA SPEER"; VariantName = "[No Variations]"
Add component (AddParameter): Name = "MANF_P#"; Value = "RK73H1ETTP4701F"; VariantName = "[No Variations]"
Add component (AddParameter): Name = "PARAM"; Value = "0.063W"; VariantName = "[No Variations]"
Add component (AddParameter): Name = "PARAM2"; Value = "1%"; VariantName = "[No Variations]"
Add component (AddParameter): Name = "PRICE"; Value = "100= 0.5$"; VariantName = "[No Variations]"
Add component (AddParameter): Name = "VALUE"; Value = "10K"; VariantName = "[No Variations]"
Added Component: Designator=R2(POT_7X5)
Add component (AddParameter): Name = "ASSEMBLY"; Value = ""; VariantName = "[No Variations]"
Add component (AddParameter): Name = "DESC"; Value = ""; VariantName = "[No Variations]"
Add component (AddParameter): Name = "DIST#"; Value = ""; VariantName = "[No Variations]"
Add component (AddParameter): Name = "MANF"; Value = ""; VariantName = "[No Variations]"
Add component (AddParameter): Name = "MANF_P#"; Value = ""; VariantName = "[No Variations]"
Add component (AddParameter): Name = "PARAM"; Value = ""; VariantName = "[No Variations]"
Add component (AddParameter): Name = "PARAM2"; Value = ""; VariantName = "[No Variations]"
Add component (AddParameter): Name = "PRICE"; Value = ""; VariantName = "[No Variations]"
Add component (AddParameter): Name = "VALUE"; Value = "POT100K"; VariantName = "[No Variations]"
Added Pin To Net: NetName=3.7v Pin=R1-1
Added Net: Name=3.7v
Added Pin To Net: NetName=GND Pin=Q1-2
Added Pin To Net: NetName=GND Pin=R2-3
Added Net: Name=GND
Added Pin To Net: NetName=NetD1_1 Pin=D1-1
Added Pin To Net: NetName=NetD1_1 Pin=Q1-1
Added Net: Name=NetD1_1
Added Pin To Net: NetName=VCC Pin=Q1-3
Added Pin To Net: NetName=VCC Pin=R1-2
Added Pin To Net: NetName=VCC Pin=R2-1
Added Net: Name=VCC
Added Class: Name=Sheet2
Added Room: Name=Sheet2
